# JRE version: OpenJDK Runtime Environment (8.0_242-b01) (build 1.8.0_242-release-1644-b01)
# Java VM: OpenJDK 64-Bit Server VM (25.242-b01 mixed mode windows-amd64 compressed oops)
Heap:
 PSYoungGen      total 367616K, used 210341K [0x00000000e0000000, 0x0000000100000000, 0x0000000100000000)
  eden space 232448K, 76% used [0x00000000e0000000,0x00000000eae2b1b0,0x00000000ee300000)
  from space 135168K, 23% used [0x00000000ee300000,0x00000000f023e4c0,0x00000000f6700000)
  to   space 130560K, 0% used [0x00000000f8080000,0x00000000f8080000,0x0000000100000000)
 ParOldGen       total 531456K, used 260653K [0x00000000a0000000, 0x00000000c0700000, 0x00000000e0000000)
  object space 531456K, 49% used [0x00000000a0000000,0x00000000afe8b610,0x00000000c0700000)
 Metaspace       used 94863K, capacity 100288K, committed 100568K, reserved 1136640K
  class space    used 11722K, capacity 12680K, committed 12800K, reserved 1048576K
GC Heap History (10 events):
Event: 1072.425 GC heap before
{Heap before GC invocations=47 (full 7):
 PSYoungGen      total 376320K, used 260989K [0x00000000e0000000, 0x00000000ff700000, 0x0000000100000000)
  eden space 245248K, 100% used [0x00000000e0000000,0x00000000eef80000,0x00000000eef80000)
  from space 131072K, 12% used [0x00000000eef80000,0x00000000efedf558,0x00000000f6f80000)
  to   space 129024K, 0% used [0x00000000f7900000,0x00000000f7900000,0x00000000ff700000)
 ParOldGen       total 343552K, used 244479K [0x00000000a0000000, 0x00000000b4f80000, 0x00000000e0000000)
  object space 343552K, 71% used [0x00000000a0000000,0x00000000aeebff70,0x00000000b4f80000)
 Metaspace       used 94450K, capacity 99734K, committed 99928K, reserved 1136640K
  class space    used 11707K, capacity 12667K, committed 12672K, reserved 1048576K
Event: 1072.598 GC heap after
Heap after GC invocations=47 (full 7):
 PSYoungGen      total 352256K, used 126673K [0x00000000e0000000, 0x0000000100000000, 0x0000000100000000)
  eden space 223232K, 0% used [0x00000000e0000000,0x00000000e0000000,0x00000000eda00000)
  from space 129024K, 98% used [0x00000000f7900000,0x00000000ff4b4600,0x00000000ff700000)
  to   space 150528K, 0% used [0x00000000eda00000,0x00000000eda00000,0x00000000f6d00000)
 ParOldGen       total 343552K, used 251257K [0x00000000a0000000, 0x00000000b4f80000, 0x00000000e0000000)
  object space 343552K, 73% used [0x00000000a0000000,0x00000000af55e5c8,0x00000000b4f80000)
 Metaspace       used 94450K, capacity 99734K, committed 99928K, reserved 1136640K
  class space    used 11707K, capacity 12667K, committed 12672K, reserved 1048576K
}
Event: 1074.407 GC heap before
{Heap before GC invocations=48 (full 7):
 PSYoungGen      total 352256K, used 349905K [0x00000000e0000000, 0x0000000100000000, 0x0000000100000000)
  eden space 223232K, 100% used [0x00000000e0000000,0x00000000eda00000,0x00000000eda00000)
  from space 129024K, 98% used [0x00000000f7900000,0x00000000ff4b4600,0x00000000ff700000)
  to   space 150528K, 0% used [0x00000000eda00000,0x00000000eda00000,0x00000000f6d00000)
 ParOldGen       total 343552K, used 251257K [0x00000000a0000000, 0x00000000b4f80000, 0x00000000e0000000)
  object space 343552K, 73% used [0x00000000a0000000,0x00000000af55e5c8,0x00000000b4f80000)
 Metaspace       used 94488K, capacity 99798K, committed 99928K, reserved 1136640K
  class space    used 11707K, capacity 12667K, committed 12672K, reserved 1048576K
Event: 1074.644 GC heap after
Heap after GC invocations=48 (full 7):
 PSYoungGen      total 373760K, used 50734K [0x00000000e0000000, 0x0000000100000000, 0x0000000100000000)
  eden space 223232K, 0% used [0x00000000e0000000,0x00000000e0000000,0x00000000eda00000)
  from space 150528K, 33% used [0x00000000eda00000,0x00000000f0b8b898,0x00000000f6d00000)
  to   space 141312K, 0% used [0x00000000f7600000,0x00000000f7600000,0x0000000100000000)
 ParOldGen       total 352768K, used 352722K [0x00000000a0000000, 0x00000000b5880000, 0x00000000e0000000)
  object space 352768K, 99% used [0x00000000a0000000,0x00000000b5874bf8,0x00000000b5880000)
 Metaspace       used 94488K, capacity 99798K, committed 99928K, reserved 1136640K
  class space    used 11707K, capacity 12667K, committed 12672K, reserved 1048576K
}
Event: 1074.644 GC heap before
{Heap before GC invocations=49 (full 8):
 PSYoungGen      total 373760K, used 50734K [0x00000000e0000000, 0x0000000100000000, 0x0000000100000000)
  eden space 223232K, 0% used [0x00000000e0000000,0x00000000e0000000,0x00000000eda00000)
  from space 150528K, 33% used [0x00000000eda00000,0x00000000f0b8b898,0x00000000f6d00000)
  to   space 141312K, 0% used [0x00000000f7600000,0x00000000f7600000,0x0000000100000000)
 ParOldGen       total 352768K, used 352722K [0x00000000a0000000, 0x00000000b5880000, 0x00000000e0000000)
  object space 352768K, 99% used [0x00000000a0000000,0x00000000b5874bf8,0x00000000b5880000)
 Metaspace       used 94488K, capacity 99798K, committed 99928K, reserved 1136640K
  class space    used 11707K, capacity 12667K, committed 12672K, reserved 1048576K
Event: 1076.343 GC heap after
Heap after GC invocations=49 (full 8):
 PSYoungGen      total 373760K, used 0K [0x00000000e0000000, 0x0000000100000000, 0x0000000100000000)
  eden space 223232K, 0% used [0x00000000e0000000,0x00000000e0000000,0x00000000eda00000)
  from space 150528K, 0% used [0x00000000eda00000,0x00000000eda00000,0x00000000f6d00000)
  to   space 141312K, 0% used [0x00000000f7600000,0x00000000f7600000,0x0000000100000000)
 ParOldGen       total 531456K, used 245637K [0x00000000a0000000, 0x00000000c0700000, 0x00000000e0000000)
  object space 531456K, 46% used [0x00000000a0000000,0x00000000aefe15c0,0x00000000c0700000)
 Metaspace       used 94488K, capacity 99798K, committed 99928K, reserved 1136640K
  class space    used 11707K, capacity 12667K, committed 12672K, reserved 1048576K
}
Event: 1078.029 GC heap before
{Heap before GC invocations=50 (full 8):
 PSYoungGen      total 373760K, used 219961K [0x00000000e0000000, 0x0000000100000000, 0x0000000100000000)
  eden space 223232K, 98% used [0x00000000e0000000,0x00000000ed6ce560,0x00000000eda00000)
  from space 150528K, 0% used [0x00000000eda00000,0x00000000eda00000,0x00000000f6d00000)
  to   space 141312K, 0% used [0x00000000f7600000,0x00000000f7600000,0x0000000100000000)
 ParOldGen       total 531456K, used 245637K [0x00000000a0000000, 0x00000000c0700000, 0x00000000e0000000)
  object space 531456K, 46% used [0x00000000a0000000,0x00000000aefe15c0,0x00000000c0700000)
 Metaspace       used 94500K, capacity 99798K, committed 99928K, reserved 1136640K
  class space    used 11707K, capacity 12667K, committed 12672K, reserved 1048576K
Event: 1078.050 GC heap after
Heap after GC invocations=50 (full 8):
 PSYoungGen      total 352256K, used 39139K [0x00000000e0000000, 0x00000000feb00000, 0x0000000100000000)
  eden space 232448K, 0% used [0x00000000e0000000,0x00000000e0000000,0x00000000ee300000)
  from space 119808K, 32% used [0x00000000f7600000,0x00000000f9c38e08,0x00000000feb00000)
  to   space 135168K, 0% used [0x00000000ee300000,0x00000000ee300000,0x00000000f6700000)
 ParOldGen       total 531456K, used 245637K [0x00000000a0000000, 0x00000000c0700000, 0x00000000e0000000)
  object space 531456K, 46% used [0x00000000a0000000,0x00000000aefe15c0,0x00000000c0700000)
 Metaspace       used 94500K, capacity 99798K, committed 99928K, reserved 1136640K
  class space    used 11707K, capacity 12667K, committed 12672K, reserved 1048576K
}
Event: 1389.753 GC heap before
{Heap before GC invocations=51 (full 8):
 PSYoungGen      total 352256K, used 271587K [0x00000000e0000000, 0x00000000feb00000, 0x0000000100000000)
  eden space 232448K, 100% used [0x00000000e0000000,0x00000000ee300000,0x00000000ee300000)
  from space 119808K, 32% used [0x00000000f7600000,0x00000000f9c38e08,0x00000000feb00000)
  to   space 135168K, 0% used [0x00000000ee300000,0x00000000ee300000,0x00000000f6700000)
 ParOldGen       total 531456K, used 245637K [0x00000000a0000000, 0x00000000c0700000, 0x00000000e0000000)
  object space 531456K, 46% used [0x00000000a0000000,0x00000000aefe15c0,0x00000000c0700000)
 Metaspace       used 94804K, capacity 100160K, committed 100312K, reserved 1136640K
  class space    used 11717K, capacity 12680K, committed 12800K, reserved 1048576K
Event: 1389.811 GC heap after
Heap after GC invocations=51 (full 8):
 PSYoungGen      total 367616K, used 31993K [0x00000000e0000000, 0x0000000100000000, 0x0000000100000000)
  eden space 232448K, 0% used [0x00000000e0000000,0x00000000e0000000,0x00000000ee300000)
  from space 135168K, 23% used [0x00000000ee300000,0x00000000f023e4c0,0x00000000f6700000)
  to   space 130560K, 0% used [0x00000000f8080000,0x00000000f8080000,0x0000000100000000)
 ParOldGen       total 531456K, used 260653K [0x00000000a0000000, 0x00000000c0700000, 0x00000000e0000000)
  object space 531456K, 49% used [0x00000000a0000000,0x00000000afe8b610,0x00000000c0700000)
 Metaspace       used 94804K, capacity 100160K, committed 100312K, reserved 1136640K
  class space    used 11717K, capacity 12680K, committed 12800K, reserved 1048576K
}

